This is pdfeTeX, Version 3.141592-1.20a-2.2 (Web2C 7.5.3) (format=pdflatex 2005.8.24)  29 SEP 2005 09:38
entering extended mode
\write18 enabled.
**fresnel.tex
(./fresnel.tex
LaTeX2e <2003/12/01>
Babel <v3.8d> and hyphenation patterns for american, french, german, ngerman, d
utch, italian, norsk, portuges, spanish, swedish, nohyphenation, loaded.
(./llncs.cls
Document Class: llncs 2002/01/28 v2.13 
 LaTeX document class for Lecture Notes in Computer Science
(/usr/local/teTeX/share/texmf.tetex/tex/latex/base/article.cls
Document Class: article 2004/02/16 v1.4f Standard LaTeX document class
(/usr/local/teTeX/share/texmf.tetex/tex/latex/base/size10.clo
File: size10.clo 2004/02/16 v1.4f Standard LaTeX file (size option)
)
\c@part=\count79
\c@section=\count80
\c@subsection=\count81
\c@subsubsection=\count82
\c@paragraph=\count83
\c@subparagraph=\count84
\c@figure=\count85
\c@table=\count86
\abovecaptionskip=\skip41
\belowcaptionskip=\skip42
\bibindent=\dimen102
)
(/usr/local/teTeX/share/texmf.tetex/tex/latex/tools/multicol.sty
Package: multicol 2004/02/14 v1.6e multicolumn formatting (FMi)
\c@tracingmulticols=\count87
\mult@box=\box26
\multicol@leftmargin=\dimen103
\c@unbalance=\count88
\c@collectmore=\count89
\doublecol@number=\count90
\multicoltolerance=\count91
\multicolpretolerance=\count92
\full@width=\dimen104
\page@free=\dimen105
\premulticols=\dimen106
\postmulticols=\dimen107
\multicolsep=\skip43
\multicolbaselineskip=\skip44
\partial@page=\box27
\last@line=\box28
\mult@rightbox=\box29
\mult@grightbox=\box30
\mult@gfirstbox=\box31
\mult@firstbox=\box32
\@tempa=\box33
\@tempa=\box34
\@tempa=\box35
\@tempa=\box36
\@tempa=\box37
\@tempa=\box38
\@tempa=\box39
\@tempa=\box40
\@tempa=\box41
\@tempa=\box42
\@tempa=\box43
\@tempa=\box44
\@tempa=\box45
\@tempa=\box46
\@tempa=\box47
\@tempa=\box48
\@tempa=\box49
\c@columnbadness=\count93
\c@finalcolumnbadness=\count94
\last@try=\dimen108
\multicolovershoot=\dimen109
\multicolundershoot=\dimen110
\mult@nat@firstbox=\box50
\colbreak@box=\box51
)
\c@chapter=\count95
LaTeX Font Info:    Redeclaring math symbol \Gamma on input line 360.
LaTeX Font Info:    Redeclaring math symbol \Delta on input line 361.
LaTeX Font Info:    Redeclaring math symbol \Theta on input line 362.
LaTeX Font Info:    Redeclaring math symbol \Lambda on input line 363.
LaTeX Font Info:    Redeclaring math symbol \Xi on input line 364.
LaTeX Font Info:    Redeclaring math symbol \Pi on input line 365.
LaTeX Font Info:    Redeclaring math symbol \Sigma on input line 366.
LaTeX Font Info:    Redeclaring math symbol \Upsilon on input line 367.
LaTeX Font Info:    Redeclaring math symbol \Phi on input line 368.
LaTeX Font Info:    Redeclaring math symbol \Psi on input line 369.
LaTeX Font Info:    Redeclaring math symbol \Omega on input line 370.
\tocchpnum=\dimen111
\tocsecnum=\dimen112
\tocsectotal=\dimen113
\tocsubsecnum=\dimen114
\tocsubsectotal=\dimen115
\tocsubsubsecnum=\dimen116
\tocsubsubsectotal=\dimen117
\tocparanum=\dimen118
\tocparatotal=\dimen119
\tocsubparanum=\dimen120
\@tempcntc=\count96
\fnindent=\dimen121
\c@@inst=\count97
\c@@auth=\count98
\c@auco=\count99
\instindent=\dimen122
\authrun=\box52
\authorrunning=\toks14
\tocauthor=\toks15
\titrun=\box53
\titlerunning=\toks16
\toctitle=\toks17
\c@theorem=\count100
\c@case=\count101
\c@conjecture=\count102
\c@corollary=\count103
\c@definition=\count104
\c@example=\count105
\c@exercise=\count106
\c@lemma=\count107
\c@note=\count108
\c@problem=\count109
\c@property=\count110
\c@proposition=\count111
\c@question=\count112
\c@solution=\count113
\c@remark=\count114
\headlineindent=\dimen123
)
(/usr/local/teTeX/share/texmf.tetex/tex/latex/base/makeidx.sty
Package: makeidx 2000/03/29 v1.0m Standard LaTeX package
)
(/usr/local/teTeX/share/texmf.tetex/tex/latex/graphics/graphicx.sty
Package: graphicx 1999/02/16 v1.0f Enhanced LaTeX Graphics (DPC,SPQR)

(/usr/local/teTeX/share/texmf.tetex/tex/latex/graphics/keyval.sty
Package: keyval 1999/03/16 v1.13 key=value parser (DPC)
\KV@toks@=\toks18
)
(/usr/local/teTeX/share/texmf.tetex/tex/latex/graphics/graphics.sty
Package: graphics 2001/07/07 v1.0n Standard LaTeX Graphics (DPC,SPQR)

(/usr/local/teTeX/share/texmf.tetex/tex/latex/graphics/trig.sty
Package: trig 1999/03/16 v1.09 sin cos tan (DPC)
)
(/usr/local/teTeX/share/texmf.tetex/tex/latex/graphics/graphics.cfg
File: graphics.cfg 2005/02/03 v1.3 graphics configuration of teTeX/TeXLive
)
Package graphics Info: Driver file: pdftex.def on input line 80.

(/usr/local/teTeX/share/texmf.tetex/tex/latex/graphics/pdftex.def
File: pdftex.def 2002/06/19 v0.03k graphics/color for pdftex
\Gread@gobject=\count115
))
\Gin@req@height=\dimen124
\Gin@req@width=\dimen125
)
(./fresnel.aux)
\openout1 = `fresnel.aux'.

LaTeX Font Info:    Checking defaults for OML/cmm/m/it on input line 13.
LaTeX Font Info:    ... okay on input line 13.
LaTeX Font Info:    Checking defaults for T1/cmr/m/n on input line 13.
LaTeX Font Info:    ... okay on input line 13.
LaTeX Font Info:    Checking defaults for OT1/cmr/m/n on input line 13.
LaTeX Font Info:    ... okay on input line 13.
LaTeX Font Info:    Checking defaults for OMS/cmsy/m/n on input line 13.
LaTeX Font Info:    ... okay on input line 13.
LaTeX Font Info:    Checking defaults for OMX/cmex/m/n on input line 13.
LaTeX Font Info:    ... okay on input line 13.
LaTeX Font Info:    Checking defaults for U/cmr/m/n on input line 13.
LaTeX Font Info:    ... okay on input line 13.

(/usr/local/teTeX/share/texmf.tetex/tex/context/base/supp-pdf.tex
(/usr/local/teTeX/share/texmf.tetex/tex/context/base/supp-mis.tex
loading : Context Support Macros / Miscellaneous (2004.10.26)
\protectiondepth=\count116
\scratchcounter=\count117
\scratchtoks=\toks19
\scratchdimen=\dimen126
\scratchskip=\skip45
\scratchmuskip=\muskip10
\scratchbox=\box54
\scratchread=\read1
\scratchwrite=\write3
\zeropoint=\dimen127
\onepoint=\dimen128
\onebasepoint=\dimen129
\minusone=\count118
\thousandpoint=\dimen130
\onerealpoint=\dimen131
\emptytoks=\toks20
\nextbox=\box55
\nextdepth=\dimen132
\everyline=\toks21
\!!counta=\count119
\!!countb=\count120
\recursecounter=\count121
)
loading : Context Support Macros / PDF (2004.03.26)
\nofMPsegments=\count122
\nofMParguments=\count123
\MPscratchCnt=\count124
\MPscratchDim=\dimen133
\MPnumerator=\count125
\everyMPtoPDFconversion=\toks22
)
LaTeX Font Info:    External font `cmex10' loaded for size
(Font)              <7> on input line 48.
LaTeX Font Info:    External font `cmex10' loaded for size
(Font)              <5> on input line 48.
LaTeX Font Info:    External font `cmex10' loaded for size
(Font)              <9> on input line 48.
LaTeX Font Info:    External font `cmex10' loaded for size
(Font)              <6> on input line 48.

Overfull \hbox (0.16261pt too wide) in paragraph at lines 52--53
\OT1/cmr/m/n/9 pre-sen-ta-tion knowl-edge, mak-ing it dif-fi-cult to share and 
reuse such knowl-
 []

(./fresnelIntro.tex [1



{/usr/local/teTeX/share/texmf.local/fonts/map/pdftex/updmap/pdftex.map}] [2]) (
./fresnelVocabOverview.tex
<overview.pdf, id=38, 543.02875pt x 272.01625pt>
File: overview.pdf Graphic file (type pdf)
 <use overview.pdf>
Underfull \vbox (badness 10000) has occurred while \output is active []

 [3 <./overview.pdf>] <boxmodelexampleoutput.pdf, id=50, 224.84pt x 186.6975pt>
File: boxmodelexampleoutput.pdf Graphic file (type pdf)

<use boxmodelexampleoutput.pdf>
Overfull \hbox (95.95203pt too wide) in paragraph at lines 20--49
 [] 
 []

[4 <./boxmodelexampleoutput.pdf>]
Overfull \hbox (6.50305pt too wide) in paragraph at lines 62--73
[]   
 []


Overfull \hbox (0.57149pt too wide) in paragraph at lines 76--77
\OT1/cmr/m/n/10 The rep-re-sen-ta-tion of se-lected in-for-ma-tion items mainly
 de-pends on the browser's
 []

) [5] (./fresnelSelection.tex
Overfull \hbox (2.5224pt too wide) in paragraph at lines 22--22
[]\OT1/cmtt/m/n/9 # A lens for foaf:Person resources that know at least five ot
her resources[] 
 []

[6]
Overfull \hbox (2.5224pt too wide) in paragraph at lines 33--33
[]\OT1/cmtt/m/n/9 fresnel:instanceLensDomain "SELECT ?mbox WHERE ( ?x foaf:name
 'John Doe' )[] 
 []

) (./fresnelConclusion.tex) [7] (./fresnel.bbl
Underfull \hbox (badness 10000) in paragraph at lines 4--7
[]\OT1/cmr/m/n/9 W3C:  IsaViz: A Vi-sual Au-thor-ing Tool for RDF (2001-2005)
 []


Underfull \hbox (badness 10000) in paragraph at lines 18--21
[]\OT1/cmr/m/n/9 Steer, D.:  Brown-Sauce: An RDF Browser.  XML.com (2003)
 []


Underfull \hbox (badness 6995) in paragraph at lines 67--70
[]\OT1/cmr/m/n/9 Pietriga, E.:  Styling RDF Graphs with GSS.  XML.com (2003)
 []


Underfull \hbox (badness 10000) in paragraph at lines 86--89
[]\OT1/cmr/m/n/9 Erdmann, T.I.:  Ho-rus RDF Browser (2005) http://www.wiwiss.fu
-
 []


Underfull \hbox (badness 10000) in paragraph at lines 107--110
[]\OT1/cmr/m/n/9 Pietriga, E.:  Fres-nel Se-lec-tor Lan-guage for RDF (2005)
 []

) [8] (./fresnel.aux) ) 
Here is how much of TeX's memory you used:
 1333 strings out of 95217
 16116 string characters out of 1184538
 2067765 words of memory out of 4522600
 4459 multiletter control sequences out of 10000+50000
 8147 words of font info for 29 fonts, out of 2000000 for 2000
 58 hyphenation exceptions out of 1000
 29i,17n,21p,1678b,415s stack positions out of 5000i,500n,6000p,200000b,40000s
 76 PDF objects out of 300000
 0 named destinations out of 131072
 11 words of extra memory for PDF output out of 65536
</usr/local/teTeX/share/texmf.tetex/fonts/type1/bluesky/
cm/cmsy6.pfb></usr/local/teTeX/share/texmf.tetex/fonts/type1/bluesky/cm/cmbx10.
pfb></usr/local/teTeX/share/texmf.tetex/fonts/type1/bluesky/cm/cmti10.pfb></usr
/local/teTeX/share/texmf.tetex/fonts/type1/bluesky/cm/cmti9.pfb></usr/local/teT
eX/share/texmf.tetex/fonts/type1/bluesky/cm/cmbx9.pfb></usr/local/teTeX/share/t
exmf.tetex/fonts/type1/bluesky/cm/cmtt9.pfb></usr/local/teTeX/share/texmf.tetex
/fonts/type1/bluesky/cm/cmr9.pfb></usr/local/teTeX/share/texmf.tetex/fonts/type
1/bluesky/cm/cmr6.pfb></usr/local/teTeX/share/texmf.tetex/fonts/type1/bluesky/c
m/cmr7.pfb></usr/local/teTeX/share/texmf.tetex/fonts/type1/bluesky/cm/cmr10.pfb
></usr/local/teTeX/share/texmf.tetex/fonts/type1/bluesky/cm/cmbx12.pfb>
Output written on fresnel.pdf (8 pages, 139922 bytes).
